#
# A fatal error has been detected by the Java Runtime Environment:
#
#  EXCEPTION_ACCESS_VIOLATION (0xc0000005) at pc=0x000000005c4bd702, pid=2816, tid=0x0000000000001524
#
# JRE version: Java(TM) SE Runtime Environment (8.0_151-b12) (build 1.8.0_151-b12)
# Java VM: Java HotSpot(TM) 64-Bit Server VM (25.151-b12 mixed mode windows-amd64 compressed oops)
# Problematic frame:
# V  [jvm.dll+0x15d702]
#
# Failed to write core dump. Minidumps are not enabled by default on client versions of Windows
#
# If you would like to submit a bug report, please visit:
#   http://bugreport.java.com/bugreport/crash.jsp
#

---------------  T H R E A D  ---------------

Current thread (0x00000000052fd800):  JavaThread "main" [_thread_in_vm, id=5412, stack(0x0000000005130000,0x0000000005230000)]

siginfo: ExceptionCode=0xc0000005, reading address 0x0000000000000000

Registers:
RAX=0x0000000000000000, RBX=0x00000000052fd800, RCX=0x0000000000000d80, RDX=0x0000000000000000
RSP=0x000000000522f310, RBP=0x000000000522f448, RSI=0x0000000000000000, RDI=0x0000000000000000
R8 =0x0000000000000000, R9 =0x0000000000000001, R10=0x0000000005417f48, R11=0x000000005c58b4d0
R12=0x0000000000000000, R13=0x0000000000000000, R14=0x000000000522f490, R15=0x00000000052fd800
RIP=0x000000005c4bd702, EFLAGS=0x0000000000010246

Top of Stack: (sp=0x000000000522f310)
0x000000000522f310:   0000000022fd1708 000000000522f490
0x000000000522f320:   00000000052fd510 000000005c41b546
0x000000000522f330:   00000000052fd800 0000000000000000
0x000000000522f340:   00000000000003d8 00000000052fe1a0
0x000000000522f350:   00000000ffffffff 00007ffc16a51358
0x000000000522f360:   00000000052fd9f8 000000000522f448
0x000000000522f370:   00000000052fd800 0000000005417e06
0x000000000522f380:   0000000022fd1708 0000000000000000
0x000000000522f390:   00000000ffffffff 00000000052fd800
0x000000000522f3a0:   000000000522f448 0000000005417f74
0x000000000522f3b0:   000000000522f718 000000000522f448
0x000000000522f3c0:   0000000022fd1708 00000000ffffffff
0x000000000522f3d0:   0000000000000000 0000000000000000
0x000000000522f3e0:   0000000000000000 0000000000000000
0x000000000522f3f0:   00000000052fd800 00000000052fd800
0x000000000522f400:   0000000005417ca2 000000000522f408 

Instructions: (pc=0x000000005c4bd702)
0x000000005c4bd6e2:   48 8b cb e8 a6 d1 f7 ff eb 06 ff 83 c4 02 00 00
0x000000005c4bd6f2:   48 85 ff 74 03 c6 07 00 44 0f b6 0d df 0d 6b 00
0x000000005c4bd702:   4c 8b 06 8b 0d 9d 40 64 00 48 8b 15 8e 40 64 00
0x000000005c4bd712:   45 84 c9 74 0c 41 8b 40 08 48 d3 e0 48 03 c2 eb 


Register to memory mapping:

RAX=0x0000000000000000 is an unknown value
RBX=0x00000000052fd800 is a thread
RCX=0x0000000000000d80 is an unknown value
RDX=0x0000000000000000 is an unknown value
RSP=0x000000000522f310 is pointing into the stack for thread: 0x00000000052fd800
RBP=0x000000000522f448 is pointing into the stack for thread: 0x00000000052fd800
RSI=0x0000000000000000 is an unknown value
RDI=0x0000000000000000 is an unknown value
R8 =0x0000000000000000 is an unknown value
R9 =0x0000000000000001 is an unknown value
R10=0x0000000005417f48 is at code_begin+840 in an Interpreter codelet
method entry point (kind = native)  [0x0000000005417c00, 0x0000000005418560]  2400 bytes
R11=0x000000005c58b4d0 is an unknown value
R12=0x0000000000000000 is an unknown value
R13=0x0000000000000000 is an unknown value
R14=0x000000000522f490 is pointing into the stack for thread: 0x00000000052fd800
R15=0x00000000052fd800 is a thread


Stack: [0x0000000005130000,0x0000000005230000],  sp=0x000000000522f310,  free space=1020k
Native frames: (J=compiled Java code, j=interpreted, Vv=VM code, C=native code)
V  [jvm.dll+0x15d702]
C  [Serialization Natives.dll+0x1358]  Java_com_troy_serialization_util_NativeUtils_intsToBytes+0x28
C  0x0000000005417f74

Java frames: (J=compiled Java code, j=interpreted, Vv=VM code)
j  com.troy.serialization.util.NativeUtils.intsToBytes([B[IIIIZ)V+0
j  test.Main.main([Ljava/lang/String;)V+6
v  ~StubRoutines::call_stub

---------------  P R O C E S S  ---------------

Java Threads: ( => current thread )
  0x0000000024fe1000 JavaThread "Service Thread" daemon [_thread_blocked, id=6556, stack(0x00000000253b0000,0x00000000254b0000)]
  0x000000002357a800 JavaThread "C1 CompilerThread2" daemon [_thread_blocked, id=14816, stack(0x0000000024eb0000,0x0000000024fb0000)]
  0x0000000023572800 JavaThread "C2 CompilerThread1" daemon [_thread_blocked, id=7204, stack(0x0000000024db0000,0x0000000024eb0000)]
  0x000000002356e800 JavaThread "C2 CompilerThread0" daemon [_thread_blocked, id=4800, stack(0x0000000024cb0000,0x0000000024db0000)]
  0x000000002356c800 JavaThread "Attach Listener" daemon [_thread_blocked, id=16552, stack(0x0000000024bb0000,0x0000000024cb0000)]
  0x000000002356b800 JavaThread "Signal Dispatcher" daemon [_thread_blocked, id=5540, stack(0x0000000024ab0000,0x0000000024bb0000)]
  0x0000000023559800 JavaThread "Finalizer" daemon [_thread_blocked, id=15196, stack(0x00000000247c0000,0x00000000248c0000)]
  0x00000000053f1000 JavaThread "Reference Handler" daemon [_thread_blocked, id=17052, stack(0x00000000246c0000,0x00000000247c0000)]
=>0x00000000052fd800 JavaThread "main" [_thread_in_vm, id=5412, stack(0x0000000005130000,0x0000000005230000)]

Other Threads:
  0x0000000023537000 VMThread [stack: 0x00000000245c0000,0x00000000246c0000] [id=15920]
  0x0000000024fed800 WatcherThread [stack: 0x00000000254b0000,0x00000000255b0000] [id=7864]

VM state:not at safepoint (normal execution)

VM Mutex/Monitor currently owned by a thread: None

Heap:
 PSYoungGen      total 38400K, used 1331K [0x0000000740000000, 0x0000000742a80000, 0x00000007c0000000)
  eden space 33280K, 4% used [0x0000000740000000,0x000000074014cce8,0x0000000742080000)
  from space 5120K, 0% used [0x0000000742580000,0x0000000742580000,0x0000000742a80000)
  to   space 5120K, 0% used [0x0000000742080000,0x0000000742080000,0x0000000742580000)
 ParOldGen       total 87552K, used 0K [0x0000000640000000, 0x0000000645580000, 0x0000000740000000)
  object space 87552K, 0% used [0x0000000640000000,0x0000000640000000,0x0000000645580000)
 Metaspace       used 2764K, capacity 4494K, committed 4864K, reserved 1056768K
  class space    used 302K, capacity 386K, committed 512K, reserved 1048576K

Card table byte_map: [0x00000000147c0000,0x00000000153d0000] byte_map_base: 0x00000000115c0000

Marking Bits: (ParMarkBitMap*) 0x000000005cb7d850
 Begin Bits: [0x0000000015fd0000, 0x000000001bfd0000)
 End Bits:   [0x000000001bfd0000, 0x0000000021fd0000)

Polling page: 0x0000000005050000

CodeCache: size=245760Kb used=1138Kb max_used=1138Kb free=244621Kb
 bounds [0x0000000005400000, 0x0000000005670000, 0x0000000014400000]
 total_blobs=279 nmethods=43 adapters=149
 compilation: enabled

Compilation events (10 events):
Event: 0.088 Thread 0x000000002357a800   39       3       java.lang.String::startsWith (7 bytes)
Event: 0.089 Thread 0x000000002357a800 nmethod 39 0x000000000551ad90 code [0x000000000551af00, 0x000000000551b108]
Event: 0.089 Thread 0x000000002357a800   38       1       java.util.ArrayList::size (5 bytes)
Event: 0.089 Thread 0x000000002357a800 nmethod 38 0x000000000551b190 code [0x000000000551b2e0, 0x000000000551b3f0]
Event: 0.089 Thread 0x000000002357a800   40       1       java.net.URL::getPath (5 bytes)
Event: 0.089 Thread 0x000000002357a800 nmethod 40 0x000000000551b450 code [0x000000000551b5a0, 0x000000000551b6b0]
Event: 0.089 Thread 0x000000002357a800   41       1       java.net.URL::getAuthority (5 bytes)
Event: 0.089 Thread 0x000000002357a800 nmethod 41 0x000000000551b710 code [0x000000000551b860, 0x000000000551b970]
Event: 0.089 Thread 0x000000002357a800   43       3       java.lang.String::indexOf (166 bytes)
Event: 0.089 Thread 0x000000002357a800 nmethod 43 0x000000000551bfd0 code [0x000000000551c180, 0x000000000551c7d0]

GC Heap History (0 events):
No events

Deoptimization events (0 events):
No events

Internal exceptions (2 events):
Event: 0.032 Thread 0x00000000052fd800 Exception <a 'java/lang/NoSuchMethodError': Method sun.misc.Unsafe.defineClass(Ljava/lang/String;[BII)Ljava/lang/Class; name or signature does not match> (0x0000000740007ca8) thrown at [C:\re\workspace\8-2-build-windows-amd64-cygwin\jdk8u151\9699\hotspot\
Event: 0.032 Thread 0x00000000052fd800 Exception <a 'java/lang/NoSuchMethodError': Method sun.misc.Unsafe.prefetchRead(Ljava/lang/Object;J)V name or signature does not match> (0x0000000740007f90) thrown at [C:\re\workspace\8-2-build-windows-amd64-cygwin\jdk8u151\9699\hotspot\src\share\vm\prims

Events (10 events):
Event: 0.088 loading class java/io/IOException done
Event: 0.088 loading class java/io/FileNotFoundException done
Event: 0.088 loading class java/lang/Void
Event: 0.088 loading class java/lang/Void done
Event: 0.088 loading class com/troy/serialization/util/NativeUtils
Event: 0.088 loading class com/troy/serialization/util/NativeUtils done
Event: 0.088 loading class java/util/concurrent/ConcurrentHashMap$ForwardingNode
Event: 0.088 loading class java/util/concurrent/ConcurrentHashMap$ForwardingNode done
Event: 0.089 loading class com/troy/serialization/util/NativeUtils$1
Event: 0.089 loading class com/troy/serialization/util/NativeUtils$1 done


Dynamic libraries:
0x00007ff60ec60000 - 0x00007ff60ec97000 	C:\Program Files\Java\jre1.8.0_151\bin\javaw.exe
0x00007ffc1d950000 - 0x00007ffc1db30000 	C:\WINDOWS\SYSTEM32\ntdll.dll
0x00007ffc1d800000 - 0x00007ffc1d8ae000 	C:\WINDOWS\System32\KERNEL32.DLL
0x00007ffc1a970000 - 0x00007ffc1abd6000 	C:\WINDOWS\System32\KERNELBASE.dll
0x00007ffc1ae80000 - 0x00007ffc1af21000 	C:\WINDOWS\System32\ADVAPI32.dll
0x00007ffc1bfd0000 - 0x00007ffc1c06d000 	C:\WINDOWS\System32\msvcrt.dll
0x00007ffc1b730000 - 0x00007ffc1b78b000 	C:\WINDOWS\System32\sechost.dll
0x00007ffc1d6e0000 - 0x00007ffc1d7ff000 	C:\WINDOWS\System32\RPCRT4.dll
0x00007ffc1bca0000 - 0x00007ffc1be2f000 	C:\WINDOWS\System32\USER32.dll
0x00007ffc19db0000 - 0x00007ffc19dd0000 	C:\WINDOWS\System32\win32u.dll
0x00007ffc1b6a0000 - 0x00007ffc1b6c8000 	C:\WINDOWS\System32\GDI32.dll
0x00007ffc1ac80000 - 0x00007ffc1ae13000 	C:\WINDOWS\System32\gdi32full.dll
0x00007ffc1abe0000 - 0x00007ffc1ac7b000 	C:\WINDOWS\System32\msvcp_win.dll
0x00007ffc19dd0000 - 0x00007ffc19ec6000 	C:\WINDOWS\System32\ucrtbase.dll
0x00007ffc0fda0000 - 0x00007ffc10009000 	C:\WINDOWS\WinSxS\amd64_microsoft.windows.common-controls_6595b64144ccf1df_6.0.16299.248_none_15ced204935f55d7\COMCTL32.dll
0x00007ffc1b910000 - 0x00007ffc1bc18000 	C:\WINDOWS\System32\combase.dll
0x00007ffc1a8f0000 - 0x00007ffc1a962000 	C:\WINDOWS\System32\bcryptPrimitives.dll
0x00007ffc1b0a0000 - 0x00007ffc1b0cd000 	C:\WINDOWS\System32\IMM32.DLL
0x000000005cc00000 - 0x000000005ccd2000 	C:\Program Files\Java\jre1.8.0_151\bin\msvcr100.dll
0x000000005c360000 - 0x000000005cbfd000 	C:\Program Files\Java\jre1.8.0_151\bin\server\jvm.dll
0x00007ffc1b7b0000 - 0x00007ffc1b7b8000 	C:\WINDOWS\System32\PSAPI.DLL
0x00007ffc02f30000 - 0x00007ffc02f39000 	C:\WINDOWS\SYSTEM32\WSOCK32.dll
0x00007ffc17f40000 - 0x00007ffc17f63000 	C:\WINDOWS\SYSTEM32\WINMM.dll
0x00007ffc14190000 - 0x00007ffc1419a000 	C:\WINDOWS\SYSTEM32\VERSION.dll
0x00007ffc1d8b0000 - 0x00007ffc1d91c000 	C:\WINDOWS\System32\WS2_32.dll
0x00007ffc17c10000 - 0x00007ffc17c3a000 	C:\WINDOWS\SYSTEM32\winmmbase.dll
0x00007ffc1a0a0000 - 0x00007ffc1a0ea000 	C:\WINDOWS\System32\cfgmgr32.dll
0x000000005c350000 - 0x000000005c35f000 	C:\Program Files\Java\jre1.8.0_151\bin\verify.dll
0x000000005c320000 - 0x000000005c349000 	C:\Program Files\Java\jre1.8.0_151\bin\java.dll
0x000000005c300000 - 0x000000005c316000 	C:\Program Files\Java\jre1.8.0_151\bin\zip.dll
0x00007ffc1c070000 - 0x00007ffc1d4a6000 	C:\WINDOWS\System32\SHELL32.dll
0x00007ffc1d4b0000 - 0x00007ffc1d556000 	C:\WINDOWS\System32\shcore.dll
0x00007ffc1a0f0000 - 0x00007ffc1a837000 	C:\WINDOWS\System32\windows.storage.dll
0x00007ffc1b040000 - 0x00007ffc1b091000 	C:\WINDOWS\System32\shlwapi.dll
0x00007ffc19ca0000 - 0x00007ffc19cb1000 	C:\WINDOWS\System32\kernel.appcore.dll
0x00007ffc19cc0000 - 0x00007ffc19d0c000 	C:\WINDOWS\System32\powrprof.dll
0x00007ffc19d30000 - 0x00007ffc19d4b000 	C:\WINDOWS\System32\profapi.dll
0x00007ffc16a50000 - 0x00007ffc16a59000 	C:\C++\Current Projects\bin\x64\Release\Serialization Natives.dll
0x00007ffc16a30000 - 0x00007ffc16a46000 	C:\Program Files\Java\jre1.8.0_151\bin\VCRUNTIME140.dll
0x00007ffbfbb70000 - 0x00007ffbfbd38000 	C:\WINDOWS\SYSTEM32\dbghelp.dll

VM Arguments:
jvm_args: -Xmx6g -Dfile.encoding=Cp1252 
java_command: test.Main
java_class_path (initial): C:\Program Files\Java\jre1.8.0_151\lib\resources.jar;C:\Program Files\Java\jre1.8.0_151\lib\rt.jar;C:\Program Files\Java\jre1.8.0_151\lib\jsse.jar;C:\Program Files\Java\jre1.8.0_151\lib\jce.jar;C:\Program Files\Java\jre1.8.0_151\lib\charsets.jar;C:\Program Files\Java\jre1.8.0_151\lib\jfr.jar;C:\Program Files\Java\jre1.8.0_151\lib\ext\access-bridge-64.jar;C:\Program Files\Java\jre1.8.0_151\lib\ext\cldrdata.jar;C:\Program Files\Java\jre1.8.0_151\lib\ext\dnsns.jar;C:\Program Files\Java\jre1.8.0_151\lib\ext\jaccess.jar;C:\Program Files\Java\jre1.8.0_151\lib\ext\jfxrt.jar;C:\Program Files\Java\jre1.8.0_151\lib\ext\localedata.jar;C:\Program Files\Java\jre1.8.0_151\lib\ext\nashorn.jar;C:\Program Files\Java\jre1.8.0_151\lib\ext\sunec.jar;C:\Program Files\Java\jre1.8.0_151\lib\ext\sunjce_provider.jar;C:\Program Files\Java\jre1.8.0_151\lib\ext\sunmscapi.jar;C:\Program Files\Java\jre1.8.0_151\lib\ext\sunpkcs11.jar;C:\Program Files\Java\jre1.8.0_151\lib\ext\zipfs.jar;C:\Java\Current Projects\Troy Serialization\Java\bin;C:\Java\Current Projects\Troy Berry Core\bin;C:\Users\Troy Neubauer\.gradle\caches\modules-2\files-2.1\org.ow2.asm\asm\5.0.3\dcc2193db20e19e1feca8b1240dbbc4e190824fa\asm-5.0.3.jar
Launcher Type: SUN_STANDARD

Environment Variables:
PATH=C:\Program Files\Java\jre1.8.0_151\bin;C:\C++\Make;C:\Program Files\Java\jdk1.8.0_151\bin;C:\Program Files (x86)\Intel\iCLS Client\;C:\Program Files\Intel\iCLS Client\;C:\Windows\system32;C:\Windows;C:\Windows\System32\Wbem;C:\Windows\System32\WindowsPowerShell\v1.0\;C:\Program Files (x86)\Intel\Intel(R) Management Engine Components\DAL;C:\Program Files\Intel\Intel(R) Management Engine Components\DAL;C:\Program Files (x86)\Intel\Intel(R) Management Engine Components\IPT;C:\Program Files\Intel\Intel(R) Management Engine Components\IPT;C:\Program Files (x86)\NVIDIA Corporation\PhysX\Common;C:\Program Files\Common Files\Propellerhead Software\ReWire\;C:\Program Files\Git\cmd;C:\Program Files (x86)\CMake\bin;C:\Program Files (x86)\OpenVPN\bin;C:\Program Files (x86)\Common Files\Propellerhead Software\ReWire\;C:\WINDOWS\system32;C:\WINDOWS;C:\WINDOWS\System32\Wbem;C:\WINDOWS\System32\WindowsPowerShell\v1.0\;C:\frc\bin;C:\Users\Troy Neubauer\AppData\Local\Microsoft\WindowsApps;
USERNAME=Troy Neubauer
OS=Windows_NT
PROCESSOR_IDENTIFIER=Intel64 Family 6 Model 158 Stepping 9, GenuineIntel



---------------  S Y S T E M  ---------------

OS: Windows 10.0 , 64 bit Build 16299 (10.0.16299.15)

CPU:total 4 (initial active 4) (4 cores per cpu, 1 threads per core) family 6 model 158 stepping 9, cmov, cx8, fxsr, mmx, sse, sse2, sse3, ssse3, sse4.1, sse4.2, popcnt, avx, avx2, aes, clmul, erms, 3dnowpref, lzcnt, tsc, tscinvbit, bmi1, bmi2, adx

Memory: 4k page, physical 8269412k(4099184k free), swap 15609444k(9042008k free)

vm_info: Java HotSpot(TM) 64-Bit Server VM (25.151-b12) for windows-amd64 JRE (1.8.0_151-b12), built on Sep  5 2017 19:33:46 by "java_re" with MS VC++ 10.0 (VS2010)

time: Fri Mar 02 14:11:18 2018
elapsed time: 0 seconds (0d 0h 0m 0s)

