#
# A fatal error has been detected by the Java Runtime Environment:
#
#  EXCEPTION_ACCESS_VIOLATION (0xc0000005) at pc=0x000000005c4bba59, pid=18352, tid=0x0000000000001d50
#
# JRE version: Java(TM) SE Runtime Environment (8.0_151-b12) (build 1.8.0_151-b12)
# Java VM: Java HotSpot(TM) 64-Bit Server VM (25.151-b12 mixed mode windows-amd64 compressed oops)
# Problematic frame:
# V  [jvm.dll+0x15ba59]
#
# Failed to write core dump. Minidumps are not enabled by default on client versions of Windows
#
# If you would like to submit a bug report, please visit:
#   http://bugreport.java.com/bugreport/crash.jsp
#

---------------  T H R E A D  ---------------

Current thread (0x000000000309d800):  JavaThread "main" [_thread_in_vm, id=7504, stack(0x00000000034c0000,0x00000000035c0000)]

siginfo: ExceptionCode=0xc0000005, reading address 0x0000000000000000

Registers:
RAX=0x0000000000000000, RBX=0x000000000309d800, RCX=0x0000000000000d80, RDX=0x0000000000000000
RSP=0x00000000035beba0, RBP=0x0000000000000000, RSI=0x0000000000000000, RDI=0x0000000000000000
R8 =0x0000000000000000, R9 =0x0000000000000000, R10=0x0000000004f07f48, R11=0x000000005c58b4d0
R12=0x0000000000000000, R13=0x0000000022b42618, R14=0x00000000035bed10, R15=0x000000000309d800
RIP=0x000000005c4bba59, EFLAGS=0x0000000000010246

Top of Stack: (sp=0x00000000035beba0)
0x00000000035beba0:   0000000022b42618 00000000035bed10
0x00000000035bebb0:   000000000309d510 000000005c41b546
0x00000000035bebc0:   00000000035bef18 000000000309e190
0x00000000035bebd0:   000000000309d800 0000000000000000
0x00000000035bebe0:   0000000022b42618 000000000309d800
0x00000000035bebf0:   0000000000000000 00007ffc16a5216f
0x00000000035bec00:   0000000022b42618 00000000035becd0
0x00000000035bec10:   000000000309d800 00000000ffffffff
0x00000000035bec20:   0000000000000000 000000000309d800
0x00000000035bec30:   00000000035bef18 0000000004f07f74
0x00000000035bec40:   000000000309d800 00000000ffffffff
0x00000000035bec50:   00000000ffffffff 0000000004f07cdd
0x00000000035bec60:   0000000000000000 0000000000000000
0x00000000035bec70:   000000000309d800 0000000000000000
0x00000000035bec80:   0000000000000000 0000000004f07ca2
0x00000000035bec90:   00000000035bec90 0000000022b42618 

Instructions: (pc=0x000000005c4bba59)
0x000000005c4bba39:   00 48 89 5c 24 30 48 89 7c 24 38 48 39 7b 08 74
0x000000005c4bba49:   0f 48 8d 4c 24 30 e8 dc fc 11 00 48 8b 7c 24 38
0x000000005c4bba59:   4d 8b 0c 24 85 ed 0f 88 1b 01 00 00 85 f6 0f 88
0x000000005c4bba69:   13 01 00 00 0f b6 15 6d 2a 6b 00 41 b8 10 00 00 


Register to memory mapping:

RAX=0x0000000000000000 is an unknown value
RBX=0x000000000309d800 is a thread
RCX=0x0000000000000d80 is an unknown value
RDX=0x0000000000000000 is an unknown value
RSP=0x00000000035beba0 is pointing into the stack for thread: 0x000000000309d800
RBP=0x0000000000000000 is an unknown value
RSI=0x0000000000000000 is an unknown value
RDI=0x0000000000000000 is an unknown value
R8 =0x0000000000000000 is an unknown value
R9 =0x0000000000000000 is an unknown value
R10=0x0000000004f07f48 is at code_begin+840 in an Interpreter codelet
method entry point (kind = native)  [0x0000000004f07c00, 0x0000000004f08560]  2400 bytes
R11=0x000000005c58b4d0 is an unknown value
R12=0x0000000000000000 is an unknown value
R13={method} {0x0000000022b42620} 'doublesToNative' '(J[DII)V' in 'com/troy/serialization/util/NativeUtils'
R14=0x00000000035bed10 is pointing into the stack for thread: 0x000000000309d800
R15=0x000000000309d800 is a thread


Stack: [0x00000000034c0000,0x00000000035c0000],  sp=0x00000000035beba0,  free space=1018k
Native frames: (J=compiled Java code, j=interpreted, Vv=VM code, C=native code)

Java frames: (J=compiled Java code, j=interpreted, Vv=VM code)
j  com.troy.serialization.util.NativeUtils.doublesToNative(J[DII)V+0
v  ~StubRoutines::call_stub
j  sun.reflect.NativeMethodAccessorImpl.invoke0(Ljava/lang/reflect/Method;Ljava/lang/Object;[Ljava/lang/Object;)Ljava/lang/Object;+0
j  sun.reflect.NativeMethodAccessorImpl.invoke(Ljava/lang/Object;[Ljava/lang/Object;)Ljava/lang/Object;+100
j  sun.reflect.DelegatingMethodAccessorImpl.invoke(Ljava/lang/Object;[Ljava/lang/Object;)Ljava/lang/Object;+6
j  java.lang.reflect.Method.invoke(Ljava/lang/Object;[Ljava/lang/Object;)Ljava/lang/Object;+56
j  com.troyberry.util.MiscUtil.callMethod(Ljava/lang/reflect/Method;Ljava/lang/Object;)Ljava/lang/Object;+233
j  test.Main.main([Ljava/lang/String;)V+72
v  ~StubRoutines::call_stub

---------------  P R O C E S S  ---------------

Java Threads: ( => current thread )
  0x0000000024b74000 JavaThread "Service Thread" daemon [_thread_blocked, id=7660, stack(0x0000000024f40000,0x0000000025040000)]
  0x000000002310c000 JavaThread "C1 CompilerThread2" daemon [_thread_blocked, id=17300, stack(0x0000000024a40000,0x0000000024b40000)]
  0x00000000230e5000 JavaThread "C2 CompilerThread1" daemon [_thread_blocked, id=18208, stack(0x0000000024940000,0x0000000024a40000)]
  0x00000000230dd800 JavaThread "C2 CompilerThread0" daemon [_thread_blocked, id=11684, stack(0x0000000024840000,0x0000000024940000)]
  0x00000000230dc800 JavaThread "Attach Listener" daemon [_thread_blocked, id=12776, stack(0x0000000024740000,0x0000000024840000)]
  0x00000000230db800 JavaThread "Signal Dispatcher" daemon [_thread_blocked, id=13924, stack(0x0000000024640000,0x0000000024740000)]
  0x0000000004eee800 JavaThread "Finalizer" daemon [_thread_blocked, id=3476, stack(0x0000000024350000,0x0000000024450000)]
  0x0000000004ee3000 JavaThread "Reference Handler" daemon [_thread_blocked, id=6380, stack(0x0000000024250000,0x0000000024350000)]
=>0x000000000309d800 JavaThread "main" [_thread_in_vm, id=7504, stack(0x00000000034c0000,0x00000000035c0000)]

Other Threads:
  0x00000000230a7000 VMThread [stack: 0x0000000024150000,0x0000000024250000] [id=484]
  0x0000000024b87000 WatcherThread [stack: 0x0000000025040000,0x0000000025140000] [id=7280]

VM state:not at safepoint (normal execution)

VM Mutex/Monitor currently owned by a thread: None

Heap:
 PSYoungGen      total 38400K, used 6092K [0x0000000740000000, 0x0000000742a80000, 0x00000007c0000000)
  eden space 33280K, 18% used [0x0000000740000000,0x00000007405f3358,0x0000000742080000)
  from space 5120K, 0% used [0x0000000742580000,0x0000000742580000,0x0000000742a80000)
  to   space 5120K, 0% used [0x0000000742080000,0x0000000742080000,0x0000000742580000)
 ParOldGen       total 87552K, used 0K [0x0000000640000000, 0x0000000645580000, 0x0000000740000000)
  object space 87552K, 0% used [0x0000000640000000,0x0000000640000000,0x0000000645580000)
 Metaspace       used 2989K, capacity 4664K, committed 4864K, reserved 1056768K
  class space    used 325K, capacity 424K, committed 512K, reserved 1048576K

Card table byte_map: [0x00000000142b0000,0x0000000014ec0000] byte_map_base: 0x00000000110b0000

Marking Bits: (ParMarkBitMap*) 0x000000005cb7d850
 Begin Bits: [0x0000000015ac0000, 0x000000001bac0000)
 End Bits:   [0x000000001bac0000, 0x0000000021ac0000)

Polling page: 0x00000000030a0000

CodeCache: size=245760Kb used=1204Kb max_used=1204Kb free=244555Kb
 bounds [0x0000000004ef0000, 0x0000000005160000, 0x0000000013ef0000]
 total_blobs=322 nmethods=69 adapters=166
 compilation: enabled

Compilation events (10 events):
Event: 0.155 Thread 0x000000002310c000   65   !   3       sun.misc.URLClassPath$JarLoader::getResource (85 bytes)
Event: 0.156 Thread 0x000000002310c000 nmethod 65 0x00000000050188d0 code [0x0000000005018b20, 0x00000000050197a8]
Event: 0.156 Thread 0x000000002310c000   66       3       java.util.Arrays::copyOf (19 bytes)
Event: 0.156 Thread 0x000000002310c000 nmethod 66 0x0000000005019f10 code [0x000000000501a080, 0x000000000501a3a8]
Event: 0.157 Thread 0x000000002310c000   67       3       java.lang.String::replace (127 bytes)
Event: 0.158 Thread 0x000000002310c000 nmethod 67 0x000000000501bed0 code [0x000000000501c080, 0x000000000501c730]
Event: 0.161 Thread 0x000000002310c000   68       3       java.lang.Number::<init> (5 bytes)
Event: 0.161 Thread 0x000000002310c000 nmethod 68 0x000000000501cad0 code [0x000000000501cc20, 0x000000000501cdd0]
Event: 0.161 Thread 0x000000002310c000   69       3       java.lang.Long::<init> (10 bytes)
Event: 0.161 Thread 0x000000002310c000 nmethod 69 0x000000000501ce90 code [0x000000000501d000, 0x000000000501d210]

GC Heap History (0 events):
No events

Deoptimization events (0 events):
No events

Internal exceptions (2 events):
Event: 0.038 Thread 0x000000000309d800 Exception <a 'java/lang/NoSuchMethodError': Method sun.misc.Unsafe.defineClass(Ljava/lang/String;[BII)Ljava/lang/Class; name or signature does not match> (0x0000000740007ca8) thrown at [C:\re\workspace\8-2-build-windows-amd64-cygwin\jdk8u151\9699\hotspot\
Event: 0.038 Thread 0x000000000309d800 Exception <a 'java/lang/NoSuchMethodError': Method sun.misc.Unsafe.prefetchRead(Ljava/lang/Object;J)V name or signature does not match> (0x0000000740007f90) thrown at [C:\re\workspace\8-2-build-windows-amd64-cygwin\jdk8u151\9699\hotspot\src\share\vm\prims

Events (10 events):
Event: 0.158 loading class java/util/ListIterator done
Event: 0.158 loading class java/util/ArrayList$SubList$1 done
Event: 0.158 loading class java/lang/Character$CharacterCache
Event: 0.158 loading class java/lang/Character$CharacterCache done
Event: 0.160 loading class java/lang/Long$LongCache
Event: 0.161 loading class java/lang/Long$LongCache done
Event: 0.161 loading class sun/reflect/NativeMethodAccessorImpl
Event: 0.161 loading class sun/reflect/NativeMethodAccessorImpl done
Event: 0.161 loading class sun/reflect/DelegatingMethodAccessorImpl
Event: 0.162 loading class sun/reflect/DelegatingMethodAccessorImpl done


Dynamic libraries:
0x00007ff61ae90000 - 0x00007ff61aec7000 	C:\Program Files\Java\jre1.8.0_151\bin\javaw.exe
0x00007ffc1d950000 - 0x00007ffc1db30000 	C:\WINDOWS\SYSTEM32\ntdll.dll
0x00007ffc1d800000 - 0x00007ffc1d8ae000 	C:\WINDOWS\System32\KERNEL32.DLL
0x00007ffc1a970000 - 0x00007ffc1abd6000 	C:\WINDOWS\System32\KERNELBASE.dll
0x00007ffc1ae80000 - 0x00007ffc1af21000 	C:\WINDOWS\System32\ADVAPI32.dll
0x00007ffc1bfd0000 - 0x00007ffc1c06d000 	C:\WINDOWS\System32\msvcrt.dll
0x00007ffc1b730000 - 0x00007ffc1b78b000 	C:\WINDOWS\System32\sechost.dll
0x00007ffc1d6e0000 - 0x00007ffc1d7ff000 	C:\WINDOWS\System32\RPCRT4.dll
0x00007ffc1bca0000 - 0x00007ffc1be2f000 	C:\WINDOWS\System32\USER32.dll
0x00007ffc19db0000 - 0x00007ffc19dd0000 	C:\WINDOWS\System32\win32u.dll
0x00007ffc1b6a0000 - 0x00007ffc1b6c8000 	C:\WINDOWS\System32\GDI32.dll
0x00007ffc1ac80000 - 0x00007ffc1ae13000 	C:\WINDOWS\System32\gdi32full.dll
0x00007ffc1abe0000 - 0x00007ffc1ac7b000 	C:\WINDOWS\System32\msvcp_win.dll
0x00007ffc19dd0000 - 0x00007ffc19ec6000 	C:\WINDOWS\System32\ucrtbase.dll
0x00007ffc0fda0000 - 0x00007ffc10009000 	C:\WINDOWS\WinSxS\amd64_microsoft.windows.common-controls_6595b64144ccf1df_6.0.16299.248_none_15ced204935f55d7\COMCTL32.dll
0x00007ffc1b910000 - 0x00007ffc1bc18000 	C:\WINDOWS\System32\combase.dll
0x00007ffc1a8f0000 - 0x00007ffc1a962000 	C:\WINDOWS\System32\bcryptPrimitives.dll
0x00007ffc1b0a0000 - 0x00007ffc1b0cd000 	C:\WINDOWS\System32\IMM32.DLL
0x000000005cc00000 - 0x000000005ccd2000 	C:\Program Files\Java\jre1.8.0_151\bin\msvcr100.dll
0x000000005c360000 - 0x000000005cbfd000 	C:\Program Files\Java\jre1.8.0_151\bin\server\jvm.dll
0x00007ffc1b7b0000 - 0x00007ffc1b7b8000 	C:\WINDOWS\System32\PSAPI.DLL
0x00007ffc17f40000 - 0x00007ffc17f63000 	C:\WINDOWS\SYSTEM32\WINMM.dll
0x00007ffc14190000 - 0x00007ffc1419a000 	C:\WINDOWS\SYSTEM32\VERSION.dll
0x00007ffc17c10000 - 0x00007ffc17c3a000 	C:\WINDOWS\SYSTEM32\WINMMBASE.dll
0x00007ffc1a0a0000 - 0x00007ffc1a0ea000 	C:\WINDOWS\System32\cfgmgr32.dll
0x00007ffc02f30000 - 0x00007ffc02f39000 	C:\WINDOWS\SYSTEM32\WSOCK32.dll
0x00007ffc1d8b0000 - 0x00007ffc1d91c000 	C:\WINDOWS\System32\WS2_32.dll
0x000000005c350000 - 0x000000005c35f000 	C:\Program Files\Java\jre1.8.0_151\bin\verify.dll
0x000000005c320000 - 0x000000005c349000 	C:\Program Files\Java\jre1.8.0_151\bin\java.dll
0x000000005c300000 - 0x000000005c316000 	C:\Program Files\Java\jre1.8.0_151\bin\zip.dll
0x00007ffc1c070000 - 0x00007ffc1d4a6000 	C:\WINDOWS\System32\SHELL32.dll
0x00007ffc1d4b0000 - 0x00007ffc1d556000 	C:\WINDOWS\System32\shcore.dll
0x00007ffc1a0f0000 - 0x00007ffc1a837000 	C:\WINDOWS\System32\windows.storage.dll
0x00007ffc1b040000 - 0x00007ffc1b091000 	C:\WINDOWS\System32\shlwapi.dll
0x00007ffc19ca0000 - 0x00007ffc19cb1000 	C:\WINDOWS\System32\kernel.appcore.dll
0x00007ffc19cc0000 - 0x00007ffc19d0c000 	C:\WINDOWS\System32\powrprof.dll
0x00007ffc19d30000 - 0x00007ffc19d4b000 	C:\WINDOWS\System32\profapi.dll
0x00007ffc16a50000 - 0x00007ffc16a5a000 	C:\C++\Current Projects\bin\x64\Release\Serialization Natives.dll
0x00007ffc0ee80000 - 0x00007ffc0ee96000 	C:\Program Files\Java\jre1.8.0_151\bin\VCRUNTIME140.dll
0x00007ffbfbb70000 - 0x00007ffbfbd38000 	C:\WINDOWS\SYSTEM32\dbghelp.dll

VM Arguments:
jvm_args: -Xmx6g -Dfile.encoding=Cp1252 
java_command: test.Main
java_class_path (initial): C:\Program Files\Java\jre1.8.0_151\lib\resources.jar;C:\Program Files\Java\jre1.8.0_151\lib\rt.jar;C:\Program Files\Java\jre1.8.0_151\lib\jsse.jar;C:\Program Files\Java\jre1.8.0_151\lib\jce.jar;C:\Program Files\Java\jre1.8.0_151\lib\charsets.jar;C:\Program Files\Java\jre1.8.0_151\lib\jfr.jar;C:\Program Files\Java\jre1.8.0_151\lib\ext\access-bridge-64.jar;C:\Program Files\Java\jre1.8.0_151\lib\ext\cldrdata.jar;C:\Program Files\Java\jre1.8.0_151\lib\ext\dnsns.jar;C:\Program Files\Java\jre1.8.0_151\lib\ext\jaccess.jar;C:\Program Files\Java\jre1.8.0_151\lib\ext\jfxrt.jar;C:\Program Files\Java\jre1.8.0_151\lib\ext\localedata.jar;C:\Program Files\Java\jre1.8.0_151\lib\ext\nashorn.jar;C:\Program Files\Java\jre1.8.0_151\lib\ext\sunec.jar;C:\Program Files\Java\jre1.8.0_151\lib\ext\sunjce_provider.jar;C:\Program Files\Java\jre1.8.0_151\lib\ext\sunmscapi.jar;C:\Program Files\Java\jre1.8.0_151\lib\ext\sunpkcs11.jar;C:\Program Files\Java\jre1.8.0_151\lib\ext\zipfs.jar;C:\Java\Current Projects\Troy Serialization\Java\bin;C:\Java\Current Projects\Troy Berry Core\bin;C:\Users\Troy Neubauer\.gradle\caches\modules-2\files-2.1\org.ow2.asm\asm\5.0.3\dcc2193db20e19e1feca8b1240dbbc4e190824fa\asm-5.0.3.jar
Launcher Type: SUN_STANDARD

Environment Variables:
PATH=C:\Program Files\Java\jre1.8.0_151\bin;C:\C++\Make;C:\Program Files\Java\jdk1.8.0_151\bin;C:\Program Files (x86)\Intel\iCLS Client\;C:\Program Files\Intel\iCLS Client\;C:\Windows\system32;C:\Windows;C:\Windows\System32\Wbem;C:\Windows\System32\WindowsPowerShell\v1.0\;C:\Program Files (x86)\Intel\Intel(R) Management Engine Components\DAL;C:\Program Files\Intel\Intel(R) Management Engine Components\DAL;C:\Program Files (x86)\Intel\Intel(R) Management Engine Components\IPT;C:\Program Files\Intel\Intel(R) Management Engine Components\IPT;C:\Program Files (x86)\NVIDIA Corporation\PhysX\Common;C:\Program Files\Common Files\Propellerhead Software\ReWire\;C:\Program Files\Git\cmd;C:\Program Files (x86)\CMake\bin;C:\Program Files (x86)\OpenVPN\bin;C:\Program Files (x86)\Common Files\Propellerhead Software\ReWire\;C:\WINDOWS\system32;C:\WINDOWS;C:\WINDOWS\System32\Wbem;C:\WINDOWS\System32\WindowsPowerShell\v1.0\;C:\frc\bin;C:\Users\Troy Neubauer\AppData\Local\Microsoft\WindowsApps;
USERNAME=Troy Neubauer
OS=Windows_NT
PROCESSOR_IDENTIFIER=Intel64 Family 6 Model 158 Stepping 9, GenuineIntel



---------------  S Y S T E M  ---------------

OS: Windows 10.0 , 64 bit Build 16299 (10.0.16299.15)

CPU:total 4 (initial active 4) (4 cores per cpu, 1 threads per core) family 6 model 158 stepping 9, cmov, cx8, fxsr, mmx, sse, sse2, sse3, ssse3, sse4.1, sse4.2, popcnt, avx, avx2, aes, clmul, erms, 3dnowpref, lzcnt, tsc, tscinvbit, bmi1, bmi2, adx

Memory: 4k page, physical 8269412k(3440392k free), swap 15609444k(7673992k free)

vm_info: Java HotSpot(TM) 64-Bit Server VM (25.151-b12) for windows-amd64 JRE (1.8.0_151-b12), built on Sep  5 2017 19:33:46 by "java_re" with MS VC++ 10.0 (VS2010)

time: Sat Mar 03 21:07:04 2018
elapsed time: 0 seconds (0d 0h 0m 0s)

